<?xml version="1.0" encoding="UTF-8"?>
<!-- Generated by org.testng.reporters.JUnitReportReporter -->
<testsuite hostname="DESKTOP-3HIQELK" failures="0" tests="1" name="test.GoogleheadlessTest" time="1.325" errors="0" timestamp="2024-12-01T15:43:44 IST" skipped="0">
  <testcase classname="test.GoogleheadlessTest" name="f" time="1.325"/>
  <system-out/>
</testsuite> <!-- test.GoogleheadlessTest -->
